2022-12-20 20:41:11.6026 INFO Admin viewed the doctors
2022-12-20 20:41:35.6419 INFO Admin add new doctor: Memati Baş
2022-12-20 20:41:35.9541 INFO Admin viewed the doctors
2022-12-20 20:41:38.8092 INFO Admin deleted the doctor: Ozgur Arslan
2022-12-20 20:41:38.8251 INFO Admin viewed the doctors
2022-12-20 20:44:07.6067 INFO Admin viewed the doctors
2022-12-20 20:44:24.3305 INFO Admin failed to add new doctor because of validation property
2022-12-20 20:44:24.3305 INFO Admin failed to add new doctor because of validation property
2022-12-20 20:44:24.3305 INFO Admin failed to add new doctor because of validation property
2022-12-20 20:44:24.3305 INFO Admin failed to add new doctor because of validation property
2022-12-20 20:44:24.3305 INFO Admin failed to add new doctor because of validation property
2022-12-20 20:44:24.3305 INFO Admin failed to add new doctor because of validation property
2022-12-20 20:46:50.8106 INFO Admin viewed the doctors
2022-12-20 20:47:02.0774 INFO Admin failed to add new doctor because of validation property
2022-12-20 20:47:02.0774 INFO Admin failed to add new doctor because of validation property
2022-12-20 20:47:02.0774 INFO Admin failed to add new doctor because of validation property
2022-12-20 20:47:02.0774 INFO Admin failed to add new doctor because of validation property
2022-12-20 20:47:02.0774 INFO Admin failed to add new doctor because of validation property
2022-12-20 20:47:02.0774 INFO Admin failed to add new doctor because of validation property
2022-12-20 20:47:02.0774 INFO Admin failed to add new doctor because of validation property
2022-12-20 20:50:11.8190 INFO Admin viewed the doctors
2022-12-20 20:50:18.8130 INFO Admin failed to add new doctor because of validation property
2022-12-20 20:50:18.8130 INFO Admin failed to add new doctor because of validation property
2022-12-20 20:50:18.8130 INFO Admin failed to add new doctor because of validation property
2022-12-20 20:50:18.8130 INFO Admin failed to add new doctor because of validation property
2022-12-20 20:50:18.8130 INFO Admin failed to add new doctor because of validation property
2022-12-20 20:50:18.8130 INFO Admin failed to add new doctor because of validation property
2022-12-20 20:50:18.8130 INFO Admin failed to add new doctor because of validation property
2022-12-20 20:56:19.4838 INFO Admin viewed the doctors
2022-12-20 21:10:32.4444 INFO Admin failed to add new doctor because of validation property
2022-12-20 21:10:32.4444 INFO Admin failed to add new doctor because of validation property
2022-12-20 21:10:32.4444 INFO Admin failed to add new doctor because of validation property
2022-12-20 21:10:32.4444 INFO Admin failed to add new doctor because of validation property
2022-12-20 21:10:32.4444 INFO Admin failed to add new doctor because of validation property
2022-12-20 21:10:32.4444 INFO Admin failed to add new doctor because of validation property
2022-12-20 21:10:32.4444 INFO Admin failed to add new doctor because of validation property
2022-12-20 21:10:35.1134 INFO Admin failed to add new doctor because of validation property
2022-12-20 21:10:35.1134 INFO Admin failed to add new doctor because of validation property
2022-12-20 21:10:35.1134 INFO Admin failed to add new doctor because of validation property
2022-12-20 21:10:35.1134 INFO Admin failed to add new doctor because of validation property
2022-12-20 21:10:35.1134 INFO Admin failed to add new doctor because of validation property
2022-12-20 21:10:35.1134 INFO Admin failed to add new doctor because of validation property
2022-12-20 21:10:35.1134 INFO Admin failed to add new doctor because of validation property
2022-12-20 21:10:36.5872 INFO Admin failed to add new doctor because of validation property
2022-12-20 21:10:36.5872 INFO Admin failed to add new doctor because of validation property
2022-12-20 21:10:36.5872 INFO Admin failed to add new doctor because of validation property
2022-12-20 21:10:36.5872 INFO Admin failed to add new doctor because of validation property
2022-12-20 21:10:36.5872 INFO Admin failed to add new doctor because of validation property
2022-12-20 21:10:36.5872 INFO Admin failed to add new doctor because of validation property
2022-12-20 21:10:36.5872 INFO Admin failed to add new doctor because of validation property
2022-12-20 21:15:54.3235 INFO Admin viewed the doctors
2022-12-20 21:16:15.1734 INFO Admin add new doctor: Abdülhey Arslan
2022-12-20 21:16:15.5042 INFO Admin viewed the doctors
2022-12-20 21:16:18.2359 INFO Admin deleted the doctor: Memati Baş
2022-12-20 21:16:18.2618 INFO Admin viewed the doctors
2022-12-20 21:19:33.2304 INFO Admin viewed the doctors
2022-12-20 21:21:17.8788 INFO Admin viewed the doctors
2022-12-20 21:21:42.5949 INFO Admin viewed the doctors
2022-12-20 21:22:12.5710 INFO Admin viewed the doctors
2022-12-20 21:22:14.1256 INFO Admin viewed the doctors
2022-12-20 22:27:32.6169 INFO Admin viewed the doctors
2022-12-20 22:32:59.2509 INFO Admin viewed the doctors
2022-12-20 22:33:00.7162 INFO Admin viewed the doctors
2022-12-20 22:49:58.1574 INFO Admin viewed the doctors
2022-12-20 22:50:16.8840 INFO Admin viewed the doctors
2022-12-20 22:50:17.9495 INFO Admin viewed the doctors
